Determining if the pthread_create exist failed with the following output:
Change Dir: /home/yzheng/yzheng_ws/src/dmp/dynamic_movement_primitive/dmpLib/CMakeFiles/CMakeTmp

Run Build Command:/usr/bin/make "cmTryCompileExec3845553142/fast"
/usr/bin/make -f CMakeFiles/cmTryCompileExec3845553142.dir/build.make CMakeFiles/cmTryCompileExec3845553142.dir/build
make[1]: Entering directory `/home/yzheng/yzheng_ws/src/dmp/dynamic_movement_primitive/dmpLib/CMakeFiles/CMakeTmp'
/usr/bin/cmake -E cmake_progress_report /home/yzheng/yzheng_ws/src/dmp/dynamic_movement_primitive/dmpLib/CMakeFiles/CMakeTmp/CMakeFiles 1
Building C object CMakeFiles/cmTryCompileExec3845553142.dir/CheckSymbolExists.c.o
/usr/bin/cc    -o CMakeFiles/cmTryCompileExec3845553142.dir/CheckSymbolExists.c.o   -c /home/yzheng/yzheng_ws/src/dmp/dynamic_movement_primitive/dmpLib/CMakeFiles/CMakeTmp/CheckSymbolExists.c
Linking C executable cmTryCompileExec3845553142
/usr/bin/cmake -E cmake_link_script CMakeFiles/cmTryCompileExec3845553142.dir/link.txt --verbose=1
/usr/bin/cc       CMakeFiles/cmTryCompileExec3845553142.dir/CheckSymbolExists.c.o  -o cmTryCompileExec3845553142 -rdynamic 
CMakeFiles/cmTryCompileExec3845553142.dir/CheckSymbolExists.c.o: In function `main':
CheckSymbolExists.c:(.text+0x16): undefined reference to `pthread_create'
collect2: error: ld returned 1 exit status
make[1]: Leaving directory `/home/yzheng/yzheng_ws/src/dmp/dynamic_movement_primitive/dmpLib/CMakeFiles/CMakeTmp'
make[1]: *** [cmTryCompileExec3845553142] Error 1
make: *** [cmTryCompileExec3845553142/fast] Error 2

File /home/yzheng/yzheng_ws/src/dmp/dynamic_movement_primitive/dmpLib/CMakeFiles/CMakeTmp/CheckSymbolExists.c:
/* */
#include <pthread.h>

int main(int argc, char** argv)
{
  (void)argv;
#ifndef pthread_create
  return ((int*)(&pthread_create))[argc];
#else
  (void)argc;
  return 0;
#endif
}

Determining if the function pthread_create exists in the pthreads failed with the following output:
Change Dir: /home/yzheng/yzheng_ws/src/dmp/dynamic_movement_primitive/dmpLib/CMakeFiles/CMakeTmp

Run Build Command:/usr/bin/make "cmTryCompileExec2080716928/fast"
/usr/bin/make -f CMakeFiles/cmTryCompileExec2080716928.dir/build.make CMakeFiles/cmTryCompileExec2080716928.dir/build
make[1]: Entering directory `/home/yzheng/yzheng_ws/src/dmp/dynamic_movement_primitive/dmpLib/CMakeFiles/CMakeTmp'
/usr/bin/cmake -E cmake_progress_report /home/yzheng/yzheng_ws/src/dmp/dynamic_movement_primitive/dmpLib/CMakeFiles/CMakeTmp/CMakeFiles 1
Building C object CMakeFiles/cmTryCompileExec2080716928.dir/CheckFunctionExists.c.o
/usr/bin/cc   -DCHECK_FUNCTION_EXISTS=pthread_create   -o CMakeFiles/cmTryCompileExec2080716928.dir/CheckFunctionExists.c.o   -c /usr/share/cmake-2.8/Modules/CheckFunctionExists.c
Linking C executable cmTryCompileExec2080716928
/usr/bin/cmake -E cmake_link_script CMakeFiles/cmTryCompileExec2080716928.dir/link.txt --verbose=1
/usr/bin/cc   -DCHECK_FUNCTION_EXISTS=pthread_create    CMakeFiles/cmTryCompileExec2080716928.dir/CheckFunctionExists.c.o  -o cmTryCompileExec2080716928 -rdynamic -lpthreads 
/usr/bin/ld: cannot find -lpthreads
collect2: error: ld returned 1 exit status
make[1]: *** [cmTryCompileExec2080716928] Error 1
make[1]: Leaving directory `/home/yzheng/yzheng_ws/src/dmp/dynamic_movement_primitive/dmpLib/CMakeFiles/CMakeTmp'
make: *** [cmTryCompileExec2080716928/fast] Error 2


